[INFO] Scanning for projects...
[INFO] 
[INFO] -------------------< com.roomiematch:roomiematch-ai >-------------------
[INFO] Building RoomieMatch AI 0.0.1-SNAPSHOT
[INFO]   from pom.xml
[INFO] --------------------------------[ jar ]---------------------------------
[INFO] 
[INFO] >>> spring-boot:3.2.4:run (default-cli) > test-compile @ roomiematch-ai >>>
[INFO] 
[INFO] --- resources:3.3.1:resources (default-resources) @ roomiematch-ai ---
[INFO] Copying 1 resource from src\main\resources to target\classes
[INFO] Copying 0 resource from src\main\resources to target\classes
[INFO] 
[INFO] --- compiler:3.11.0:compile (default-compile) @ roomiematch-ai ---
[INFO] Nothing to compile - all classes are up to date
[INFO] 
[INFO] --- resources:3.3.1:testResources (default-testResources) @ roomiematch-ai ---
[INFO] skip non existing resourceDirectory X:\RM_Project\RoomieMatch-AI\src\test\resources
[INFO] 
[INFO] --- compiler:3.11.0:testCompile (default-testCompile) @ roomiematch-ai ---
[INFO] Nothing to compile - all classes are up to date
[INFO] 
[INFO] <<< spring-boot:3.2.4:run (default-cli) < test-compile @ roomiematch-ai <<<
[INFO] 
[INFO] 
[INFO] --- spring-boot:3.2.4:run (default-cli) @ roomiematch-ai ---
[INFO] Attaching agents: []

  .   ____          _            __ _ _
 /\\ / ___'_ __ _ _(_)_ __  __ _ \ \ \ \
( ( )\___ | '_ | '_| | '_ \/ _` | \ \ \ \
 \\/  ___)| |_)| | | | | || (_| |  ) ) ) )
  '  |____| .__|_| |_|_| |_\__, | / / / /
 =========|_|==============|___/=/_/_/_/
 :: Spring Boot ::                (v3.2.4)

2026-03-24T10:26:01.148+05:30  INFO 6516 --- [roomiematch-ai] [  restartedMain] c.r.r.RoomiematchAiApplication           : Starting RoomiematchAiApplication using Java 21.0.10 with PID 6516 (X:\RM_Project\RoomieMatch-AI\target\classes started by singh in X:\RM_Project\RoomieMatch-AI)
2026-03-24T10:26:01.151+05:30  INFO 6516 --- [roomiematch-ai] [  restartedMain] c.r.r.RoomiematchAiApplication           : No active profile set, falling back to 1 default profile: "default"
2026-03-24T10:26:01.203+05:30  INFO 6516 --- [roomiematch-ai] [  restartedMain] .e.DevToolsPropertyDefaultsPostProcessor : Devtools property defaults active! Set 'spring.devtools.add-properties' to 'false' to disable
2026-03-24T10:26:01.204+05:30  INFO 6516 --- [roomiematch-ai] [  restartedMain] .e.DevToolsPropertyDefaultsPostProcessor : For additional web related logging consider setting the 'logging.level.web' property to 'DEBUG'
2026-03-24T10:26:02.231+05:30  INFO 6516 --- [roomiematch-ai] [  restartedMain] o.s.b.w.embedded.tomcat.TomcatWebServer  : Tomcat initialized with port 8080 (http)
2026-03-24T10:26:02.251+05:30  INFO 6516 --- [roomiematch-ai] [  restartedMain] o.apache.catalina.core.StandardService   : Starting service [Tomcat]
2026-03-24T10:26:02.251+05:30  INFO 6516 --- [roomiematch-ai] [  restartedMain] o.apache.catalina.core.StandardEngine    : Starting Servlet engine: [Apache Tomcat/10.1.19]
2026-03-24T10:26:02.298+05:30  INFO 6516 --- [roomiematch-ai] [  restartedMain] o.a.c.c.C.[Tomcat].[localhost].[/]       : Initializing Spring embedded WebApplicationContext
2026-03-24T10:26:02.299+05:30  INFO 6516 --- [roomiematch-ai] [  restartedMain] w.s.c.ServletWebServerApplicationContext : Root WebApplicationContext: initialization completed in 1094 ms
2026-03-24T10:26:02.706+05:30  WARN 6516 --- [roomiematch-ai] [  restartedMain] o.s.b.d.a.OptionalLiveReloadServer       : Unable to start LiveReload server
2026-03-24T10:26:02.725+05:30  WARN 6516 --- [roomiematch-ai] [  restartedMain] ConfigServletWebServerApplicationContext : Exception encountered during context initialization - cancelling refresh attempt: org.springframework.context.ApplicationContextException: Failed to start bean 'webServerStartStop'
2026-03-24T10:26:02.738+05:30  INFO 6516 --- [roomiematch-ai] [  restartedMain] .s.b.a.l.ConditionEvaluationReportLogger : 

Error starting ApplicationContext. To display the condition evaluation report re-run your application with 'debug' enabled.
2026-03-24T10:26:02.756+05:30 ERROR 6516 --- [roomiematch-ai] [  restartedMain] o.s.b.d.LoggingFailureAnalysisReporter   : 

***************************
APPLICATION FAILED TO START
***************************

Description:

Web server failed to start. Port 8080 was already in use.

Action:

Identify and stop the process that's listening on port 8080 or configure this application to listen on another port.

[INFO] ------------------------------------------------------------------------
[INFO] BUILD SUCCESS
[INFO] ------------------------------------------------------------------------
[INFO] Total time:  4.473 s
[INFO] Finished at: 2026-03-24T10:26:02+05:30
[INFO] ------------------------------------------------------------------------
